[W 2025-09-11 19:46:14.040 ServerApp] ServerApp.password config is deprecated in 2.0. Use PasswordIdentityProvider.hashed_password.
[I 2025-09-11 19:46:14.066 ServerApp] jupyter_lsp | extension was successfully linked.
[I 2025-09-11 19:46:14.069 ServerApp] jupyter_server_terminals | extension was successfully linked.
[I 2025-09-11 19:46:14.073 ServerApp] jupyterlab | extension was successfully linked.
[W 2025-09-11 19:46:14.075 JupyterNotebookApp] 'browser' has moved from NotebookApp to ServerApp. This config will be passed to ServerApp. Be sure to update your config before our next release.
[W 2025-09-11 19:46:14.075 JupyterNotebookApp] 'password' has moved from NotebookApp to ServerApp. This config will be passed to ServerApp. Be sure to update your config before our next release.
[I 2025-09-11 19:46:14.077 ServerApp] notebook | extension was successfully linked.
[I 2025-09-11 19:46:14.456 ServerApp] notebook_shim | extension was successfully linked.
[I 2025-09-11 19:46:14.474 ServerApp] notebook_shim | extension was successfully loaded.
[I 2025-09-11 19:46:14.476 ServerApp] jupyter_lsp | extension was successfully loaded.
[I 2025-09-11 19:46:14.476 ServerApp] jupyter_server_terminals | extension was successfully loaded.
[I 2025-09-11 19:46:14.486 LabApp] JupyterLab extension loaded from /scratch/venvs/py3/lib/python3.11/site-packages/jupyterlab
[I 2025-09-11 19:46:14.486 LabApp] JupyterLab application directory is /scratch/venvs/py3/share/jupyter/lab
[I 2025-09-11 19:46:14.486 LabApp] Extension Manager is 'pypi'.
[I 2025-09-11 19:46:14.514 ServerApp] jupyterlab | extension was successfully loaded.
[I 2025-09-11 19:46:14.516 ServerApp] notebook | extension was successfully loaded.
[I 2025-09-11 19:46:14.517 ServerApp] Serving notebooks from local directory: /scratch/projects/xespresso
[I 2025-09-11 19:46:14.517 ServerApp] Jupyter Server 2.17.0 is running at:
[I 2025-09-11 19:46:14.517 ServerApp] http://localhost:8888/lab
[I 2025-09-11 19:46:14.517 ServerApp]     http://127.0.0.1:8888/lab
[I 2025-09-11 19:46:14.517 ServerApp] Use Control-C to stop this server and shut down all kernels (twice to skip confirmation).
[I 2025-09-11 19:46:16.580 ServerApp] Skipped non-installed server(s): basedpyright, bash-language-server, dockerfile-language-server-nodejs, javascript-typescript-langserver, jedi-language-server, julia-language-server, pyrefly, pyright, python-language-server, python-lsp-server, r-languageserver, sql-language-server, texlab, typescript-language-server, unified-language-server, vscode-css-languageserver-bin, vscode-html-languageserver-bin, vscode-json-languageserver-bin, yaml-language-server
